[INFO] Moving "NetLogo-6.3.0-64.tgz" to /home/jonathan/Downloads/compressed 2023-11-21 16:49:36,384
[INFO] Moving "Android_Studio_Keybindings.jar" to /home/jonathan/Downloads/compressed 2023-11-21 16:49:36,384
[INFO] Moving "PRIERE POUR LA COMMISSION DECORATION.pdf" to /home/jonathan/Downloads/documents/pdf 2023-12-16 23:09:16,167
[INFO] Moving "Price range slider prices.svg" to /home/jonathan/Downloads/images 2023-12-16 23:09:16,168
[INFO] Moving "Covention de stage ASSAMAGAN-1.pdf" to /home/jonathan/Downloads/documents/pdf 2023-12-16 23:09:16,168
[INFO] Moving "wps-office_11.1.0.11698.XA_amd64.deb" to /home/jonathan/Downloads/compressed 2023-12-16 23:09:16,168
[INFO] Moving "discord-0.0.36.deb" to /home/jonathan/Downloads/compressed 2023-12-16 23:09:16,168
[INFO] Moving "Web-app-Screens.zip" to /home/jonathan/Downloads/compressed 2023-12-16 23:09:16,168
[INFO] Moving "Commission décoration.pdf" to /home/jonathan/Downloads/documents/pdf 2023-12-16 23:09:16,168
[INFO] Moving "ci_cd.png" to /home/jonathan/Downloads/images 2023-12-16 23:09:16,168
[INFO] Moving "Emploi du temps DIC-INFO-3_(2).xls" to /home/jonathan/Downloads/documents/excel 2023-12-16 23:09:16,168
[INFO] Moving "Emploi du temps DIC-INFO-3_(3).xls" to /home/jonathan/Downloads/documents/excel 2023-12-16 23:09:16,168
[INFO] Moving "CamScanner 11-12-2023 14.57.pdf" to /home/jonathan/Downloads/documents/pdf 2023-12-16 23:09:16,170
[INFO] Moving "ideaIC-2023.2.5.tar.gz" to /home/jonathan/Downloads/compressed 2023-12-16 23:09:16,170
[INFO] Moving "Formulaire type d'obtention du consentement dans le cadre du systeme de partage d'information sur le credit dans l’umoa.pdf" to /home/jonathan/Downloads/documents/pdf 2023-12-16 23:09:16,170
[INFO] Moving "DIC3 TP Environnement Visual Studio v2023.pdf" to /home/jonathan/Downloads/documents/pdf 2023-12-16 23:09:16,170
[INFO] Moving "XML_tableau_equipes.pdf" to /home/jonathan/Downloads/documents/pdf 2023-12-16 23:09:16,170
[INFO] Moving "Union.png" to /home/jonathan/Downloads/images 2023-12-16 23:09:16,170
[INFO] Moving "formulaire-inscription.pdf" to /home/jonathan/Downloads/documents/pdf 2023-12-16 23:09:16,170
[INFO] Moving "CERT.pdf" to /home/jonathan/Downloads/documents/pdf 2023-12-16 23:09:16,170
[INFO] Moving "TestDébogueur.zip" to /home/jonathan/Downloads/compressed 2023-12-16 23:09:16,170
[INFO] Moving "fiche de notation DIC _INFO_ASSAMAGAN.pdf" to /home/jonathan/Downloads/documents/pdf 2023-12-16 23:09:16,170
[INFO] Moving "CV_2023-11-23_Koumou Jonathan_ASSAMAGAN.pdf" to /home/jonathan/Downloads/documents/pdf 2023-12-16 23:09:16,170
[INFO] Moving "Où est ton visa d’entrée_.pdf" to /home/jonathan/Downloads/documents/pdf 2023-12-16 23:09:16,170
[INFO] Moving "onlyoffice-desktopeditors_amd64.deb" to /home/jonathan/Downloads/compressed 2023-12-16 23:09:16,170
[INFO] Moving "ci_cd.pdf" to /home/jonathan/Downloads/documents/pdf 2023-12-16 23:09:16,170
[INFO] Moving "Question_technique.pdf" to /home/jonathan/Downloads/documents/pdf 2023-12-16 23:09:16,170
[INFO] Moving "Signature Jonathan ASSAMAGAN.png" to /home/jonathan/Downloads/images 2023-12-16 23:09:16,170
[INFO] Moving "Emploi du temps DIC-INFO-3_(4).xls" to /home/jonathan/Downloads/documents/excel 2023-12-16 23:09:16,170
[INFO] Moving "ilovepdf_merged.pdf" to /home/jonathan/Downloads/documents/pdf 2023-12-16 23:09:16,170
[INFO] Moving "Questions_techniques_Icare_Nest.pdf" to /home/jonathan/Downloads/documents/pdf 2023-12-16 23:09:16,170
[INFO] Moving "formulaire-inscription-1.pdf" to /home/jonathan/Downloads/documents/pdf 2023-12-16 23:09:16,171
[INFO] Moving "virtualbox-7.0_7.0.12-159484~Ubuntu~jammy_amd64.deb" to /home/jonathan/Downloads/compressed 2023-12-16 23:09:16,171
[INFO] Moving "20-mots-pour-enrichir-son-vocabulaire-professionnel.pdf" to /home/jonathan/Downloads/documents/pdf 2023-12-16 23:09:16,171
[INFO] Moving "wps-office_11.1.0.11711.XA_amd64.deb" to /home/jonathan/Downloads/compressed 2023-12-16 23:09:16,171
[INFO] Moving "Git.zip" to /home/jonathan/Downloads/compressed 2023-12-16 23:09:16,171
[INFO] Moving "Signature Jonathan ASSAMAGAN-TR.png" to /home/jonathan/Downloads/images 2023-12-16 23:09:16,171
[INFO] Moving "Covention de stage ASSAMAGAN.pdf" to /home/jonathan/Downloads/documents/pdf 2023-12-16 23:09:16,171
[INFO] Moving "OL107238.zip" to /home/jonathan/Downloads/compressed 2023-12-16 23:09:16,171
[INFO] Moving "node-v20.10.0-linux-x64.tar.xz" to /home/jonathan/Downloads/compressed 2023-12-16 23:09:16,171
[INFO] Moving "ReactSnippets.jar" to /home/jonathan/Downloads/compressed 2023-12-16 23:09:16,171
[INFO] Moving "exemple_Lettre d'autorisation de vérification de documents .pdf" to /home/jonathan/Downloads/documents/pdf 2023-12-16 23:09:16,171
[INFO] Moving "XML-IF-ch1234.pdf" to /home/jonathan/Downloads/documents/pdf 2023-12-16 23:09:16,171
[INFO] Moving "XML_tableau_equipes.pdf" to /home/jonathan/Downloads/documents/pdf 2023-12-16 23:13:11,472
